2021-04-07T06:56:16.557Z - normal: Load ~/.CocosCreator/settings.json
2021-04-07T06:56:16.599Z - normal: Initializing Asset Database
2021-04-07T06:56:16.602Z - normal: checking language setting...
2021-04-07T06:56:16.602Z - normal: Language: zh
2021-04-07T06:56:17.450Z - success: preview server running at http://localhost:7456
2021-04-07T06:56:17.464Z - success: protocol editor-framework registered
2021-04-07T06:56:17.464Z - success: protocol app registered
2021-04-07T06:56:17.464Z - success: protocol theme registered
2021-04-07T06:56:17.464Z - success: protocol packages registered
2021-04-07T06:56:17.464Z - success: protocol uuid registerred
2021-04-07T06:56:17.464Z - success: protocol db registerred
2021-04-07T06:56:17.464Z - success: protocol thumbnail registerred
2021-04-07T06:56:17.464Z - success: protocol unpack registerred
2021-04-07T06:56:17.465Z - success: protocol disable-commonjs registerred
2021-04-07T06:56:17.668Z - normal: connected!
2021-04-07T06:56:17.669Z - normal: Check project /Users/zwzhang/Desktop/code/BlockPoker232
2021-04-07T06:56:17.671Z - normal: Initializing project /Users/zwzhang/Desktop/code/BlockPoker232
2021-04-07T06:56:17.700Z - success: adapters loaded
2021-04-07T06:56:17.705Z - success: asset-db-debugger loaded
2021-04-07T06:56:17.770Z - success: fb-audience-network loaded
2021-04-07T06:56:17.803Z - success: fb-live-stream loaded
2021-04-07T06:56:17.804Z - success: google-play-instant loaded
2021-04-07T06:56:17.805Z - success: huawei-adapter loaded
2021-04-07T06:56:17.805Z - success: jkw-adapter loaded
2021-04-07T06:56:17.806Z - success: jsb-adapter loaded
2021-04-07T06:56:17.806Z - success: oppo-adapter loaded
2021-04-07T06:56:17.810Z - success: package-manager loaded
2021-04-07T06:56:17.810Z - success: qtt-adapter loaded
2021-04-07T06:56:17.812Z - success: runtime-dev-tools loaded
2021-04-07T06:56:17.817Z - success: sdkbox loaded
2021-04-07T06:56:17.819Z - success: ui-kit-preview-extra loaded
2021-04-07T06:56:17.823Z - success: ui-kit-preview loaded
2021-04-07T06:56:17.823Z - success: vivo-adapter loaded
2021-04-07T06:56:17.871Z - success: alipay-minigame loaded
2021-04-07T06:56:17.917Z - success: assets loaded
2021-04-07T06:56:17.919Z - success: baidugame-opendata loaded
2021-04-07T06:56:17.920Z - success: baidugame loaded
2021-04-07T06:56:17.923Z - success: builder loaded
2021-04-07T06:56:18.085Z - success: cocos-services loaded
2021-04-07T06:56:18.089Z - success: console loaded
2021-04-07T06:56:18.091Z - success: curve-editor loaded
2021-04-07T06:56:18.100Z - success: fb-instant-games loaded
2021-04-07T06:56:18.103Z - success: game-window loaded
2021-04-07T06:56:18.104Z - success: google-instant-games loaded
2021-04-07T06:56:18.107Z - success: hierarchy loaded
2021-04-07T06:56:18.110Z - success: huawei-runtime loaded
2021-04-07T06:56:18.112Z - success: inspector loaded
2021-04-07T06:56:18.173Z - success: cpk-publish loaded
2021-04-07T06:56:18.173Z - success: keystore loaded
2021-04-07T06:56:18.177Z - success: node-library loaded
2021-04-07T06:56:18.177Z - success: open-recent-items loaded
2021-04-07T06:56:18.180Z - success: oppo-runtime loaded
2021-04-07T06:56:18.181Z - success: package-asset loaded
2021-04-07T06:56:18.181Z - success: preferences loaded
2021-04-07T06:56:18.184Z - success: project-importer loaded
2021-04-07T06:56:18.186Z - success: project-settings loaded
2021-04-07T06:56:18.201Z - success: qtt-runtime loaded
2021-04-07T06:56:18.205Z - success: scene loaded
2021-04-07T06:56:18.206Z - success: simulator-debugger loaded
2021-04-07T06:56:18.207Z - success: sprite-editor loaded
2021-04-07T06:56:18.211Z - success: store loaded
2021-04-07T06:56:18.216Z - success: timeline loaded
2021-04-07T06:56:18.220Z - success: vivo-runtime loaded
2021-04-07T06:56:18.222Z - success: wechatgame-opendata loaded
2021-04-07T06:56:18.226Z - success: wechatgame loaded
2021-04-07T06:56:18.228Z - success: xiaomi-runtime loaded
2021-04-07T06:56:19.397Z - normal: Initializing Cocos2d
2021-04-07T06:56:19.661Z - normal: Initializing engine extends
2021-04-07T06:56:21.043Z - info: Cocos Service load base data!
2021-04-07T06:56:23.020Z - normal: Loading packages
2021-04-07T06:56:23.022Z - normal: Watching packages
2021-04-07T06:56:23.082Z - normal: Run Application
2021-04-07T07:01:25.382Z - normal: Start building with options : {
  "actualPlatform": "android",
  "android": {
    "packageName": "io.kaleidochain.BlockPoker"
  },
  "android-instant": {
    "REMOTE_SERVER_ROOT": "",
    "host": "",
    "packageName": "io.kaleidochain.BlockPoker",
    "pathPattern": "",
    "recordPath": "",
    "scheme": "https",
    "skipRecord": false
  },
  "apiLevel": "android-29",
  "appABIs": [
    "armeabi-v7a",
    "arm64-v8a"
  ],
  "appBundle": false,
  "appKey": "",
  "appSecret": "",
  "buildPath": "/Users/zwzhang/Desktop/code/BlockPoker232/build",
  "buildScriptsOnly": false,
  "debug": false,
  "dest": "/Users/zwzhang/Desktop/code/BlockPoker232/build/jsb-link",
  "embedWebDebugger": false,
  "encryptJs": true,
  "excludeScenes": [
    "c3103ef9-18cd-4e47-bc1b-e4d5e85cd6c6",
    "4d870c3e-a67d-4951-8528-60481c564318"
  ],
  "excludedModules": [],
  "fb-instant-games": {},
  "includeAnySDK": false,
  "includeSDKBox": false,
  "inlineSpriteFrames": true,
  "inlineSpriteFrames_native": true,
  "ios": {
    "packageName": "io.kaleidochain.BlockPoker"
  },
  "jailbreakPlatform": false,
  "mac": {
    "packageName": "io.kaleidochain.BlockPoker"
  },
  "md5Cache": false,
  "mergeStartScene": false,
  "oauthLoginServer": "",
  "optimizeHotUpdate": false,
  "orientation": {
    "landscapeLeft": false,
    "landscapeRight": false,
    "portrait": true,
    "upsideDown": false
  },
  "packageName": "io.kaleidochain.BlockPoker",
  "platform": "android",
  "previewHeight": "720",
  "previewWidth": "1280",
  "privateKey": "",
  "qqplay": {
    "REMOTE_SERVER_ROOT": "",
    "orientation": "portrait",
    "zip": false
  },
  "scenes": [
    "a0bca835-a726-40e8-8b7d-0b18ab649e11",
    "2c401918-f586-4ee2-9209-8d0343293414",
    "7275a38a-d609-4de0-bb09-ada681c256ca",
    "b56045ba-1812-4d0e-be5c-4cbff94f1623",
    "1aaa9168-1ee1-4284-8e77-8afd6d53a53d",
    "7859fd8f-e0c1-4113-81d3-1460f03f14ed",
    "b740ad3e-26bd-426e-a24a-b973004ae4fd",
    "7c46d7c1-1d66-4631-8619-5581a35b0b9d",
    "afc9f8a6-02b8-499d-8c76-f79d7780c55d",
    "64d44a51-1014-4319-b386-36568f286b49",
    "249050cd-11a0-4d15-972f-e099e23214d3",
    "3d649867-2f80-4ad6-bf8e-c58d3f9658d3",
    "cc312a3a-26d3-495f-a1fa-ae0b6ea9d6e8",
    "39c75333-77f3-46cd-bc3a-412894bf3dcc",
    "a4f128ad-63f8-4a03-bf88-e236601ad8bc"
  ],
  "sourceMaps": false,
  "startScene": "a0bca835-a726-40e8-8b7d-0b18ab649e11",
  "template": "link",
  "title": "BlockPoker",
  "useDebugKeystore": false,
  "vsVersion": "auto",
  "webOrientation": "auto",
  "wechatgame": {
    "REMOTE_SERVER_ROOT": "",
    "appid": "wx6ac3f5090a6b99c5",
    "orientation": "portrait",
    "subContext": ""
  },
  "win32": {},
  "xxteaKey": "6ceca469-fe10-45",
  "zipCompressJs": true,
  "project": "/Users/zwzhang/Desktop/code/BlockPoker232",
  "projectName": "BlockPoker",
  "debugBuildWorker": false
}
2021-04-07T07:01:25.384Z - normal: Building /Users/zwzhang/Desktop/code/BlockPoker232
2021-04-07T07:01:25.384Z - normal: Destination /Users/zwzhang/Desktop/code/BlockPoker232/build/jsb-link
2021-04-07T07:01:25.473Z - normal: Delete /Users/zwzhang/Desktop/code/BlockPoker232/build/jsb-link/subpackages/**/*,/Users/zwzhang/Desktop/code/BlockPoker232/build/jsb-link/res/**/*,/Users/zwzhang/Desktop/code/BlockPoker232/build/jsb-link/src/**/*
2021-04-07T07:01:25.682Z - normal: Checked Python Version [2.7.16]
2021-04-07T07:01:26.992Z - warn: 未在模块设置里设置物理模块，默认使用 cannon.js。
2021-04-07T07:01:26.993Z - normal: Building 3D physics modules...
2021-04-07T07:01:35.481Z - normal: Start building assets
2021-04-07T07:01:35.482Z - normal: Start spawn build-worker
2021-04-07T07:01:35.923Z - normal: Finish spawn build-worker
2021-04-07T07:01:35.923Z - normal: Start init build-worker
2021-04-07T07:01:37.716Z - normal: Finish init build-worker
2021-04-07T07:01:37.717Z - normal: Start build-assets in worker
2021-04-07T07:01:37.739Z - info: Enable "内联所有 SpriteFrame" in native platform will increase the package size used in hot update.
2021-04-07T07:01:41.277Z - normal: Finish build-assets in worker
2021-04-07T07:01:41.282Z - normal: Finish building assets
2021-04-07T07:01:41.283Z - normal: Start building plugin scripts
2021-04-07T07:01:41.439Z - normal: Generating main.js from /Applications/CocosCreator/Creator/2.3.2/CocosCreator.app/Contents/Resources/static/build-templates/shares/main.js
2021-04-07T07:01:41.488Z - normal: Checked Python Version [2.7.16]
2021-04-07T07:01:42.866Z - normal: Built to "/Users/zwzhang/Desktop/code/BlockPoker232/build/jsb-link" successfully
2021-04-07T07:01:48.088Z - normal: Checked Python Version [2.7.16]
2021-04-07T07:01:49.216Z - normal: Start to compile native project. Please wait...
2021-04-07T07:01:49.216Z - normal: The log file path [ /Users/zwzhang/.CocosCreator/logs/native.log ]
2021-04-07T07:02:43.237Z - normal: Compile native project successfully.
2021-04-08T09:35:07.106Z - normal: Start building with options : {
  "actualPlatform": "android",
  "android": {
    "packageName": "io.kaleidochain.BlockPoker"
  },
  "android-instant": {
    "REMOTE_SERVER_ROOT": "",
    "host": "",
    "packageName": "io.kaleidochain.BlockPoker",
    "pathPattern": "",
    "recordPath": "",
    "scheme": "https",
    "skipRecord": false
  },
  "apiLevel": "android-29",
  "appABIs": [
    "armeabi-v7a",
    "arm64-v8a"
  ],
  "appBundle": false,
  "appKey": "",
  "appSecret": "",
  "buildPath": "/Users/zwzhang/Desktop/code/BlockPoker232/build",
  "buildScriptsOnly": false,
  "debug": false,
  "dest": "/Users/zwzhang/Desktop/code/BlockPoker232/build/jsb-link",
  "embedWebDebugger": false,
  "encryptJs": true,
  "excludeScenes": [
    "c3103ef9-18cd-4e47-bc1b-e4d5e85cd6c6",
    "4d870c3e-a67d-4951-8528-60481c564318"
  ],
  "excludedModules": [],
  "fb-instant-games": {},
  "includeAnySDK": false,
  "includeSDKBox": false,
  "inlineSpriteFrames": true,
  "inlineSpriteFrames_native": true,
  "ios": {
    "packageName": "io.kaleidochain.BlockPoker"
  },
  "jailbreakPlatform": false,
  "mac": {
    "packageName": "io.kaleidochain.BlockPoker"
  },
  "md5Cache": false,
  "mergeStartScene": false,
  "oauthLoginServer": "",
  "optimizeHotUpdate": false,
  "orientation": {
    "landscapeLeft": false,
    "landscapeRight": false,
    "portrait": true,
    "upsideDown": false
  },
  "packageName": "io.kaleidochain.BlockPoker",
  "platform": "android",
  "previewHeight": "720",
  "previewWidth": "1280",
  "privateKey": "",
  "qqplay": {
    "REMOTE_SERVER_ROOT": "",
    "orientation": "portrait",
    "zip": false
  },
  "scenes": [
    "a0bca835-a726-40e8-8b7d-0b18ab649e11",
    "2c401918-f586-4ee2-9209-8d0343293414",
    "7275a38a-d609-4de0-bb09-ada681c256ca",
    "b56045ba-1812-4d0e-be5c-4cbff94f1623",
    "1aaa9168-1ee1-4284-8e77-8afd6d53a53d",
    "7859fd8f-e0c1-4113-81d3-1460f03f14ed",
    "b740ad3e-26bd-426e-a24a-b973004ae4fd",
    "7c46d7c1-1d66-4631-8619-5581a35b0b9d",
    "afc9f8a6-02b8-499d-8c76-f79d7780c55d",
    "64d44a51-1014-4319-b386-36568f286b49",
    "249050cd-11a0-4d15-972f-e099e23214d3",
    "3d649867-2f80-4ad6-bf8e-c58d3f9658d3",
    "cc312a3a-26d3-495f-a1fa-ae0b6ea9d6e8",
    "39c75333-77f3-46cd-bc3a-412894bf3dcc",
    "a4f128ad-63f8-4a03-bf88-e236601ad8bc"
  ],
  "sourceMaps": false,
  "startScene": "a0bca835-a726-40e8-8b7d-0b18ab649e11",
  "template": "link",
  "title": "BlockPoker",
  "useDebugKeystore": false,
  "vsVersion": "auto",
  "webOrientation": "auto",
  "wechatgame": {
    "REMOTE_SERVER_ROOT": "",
    "appid": "wx6ac3f5090a6b99c5",
    "orientation": "portrait",
    "subContext": ""
  },
  "win32": {},
  "xxteaKey": "6ceca469-fe10-45",
  "zipCompressJs": true,
  "project": "/Users/zwzhang/Desktop/code/BlockPoker232",
  "projectName": "BlockPoker",
  "debugBuildWorker": false
}
2021-04-08T09:35:07.107Z - normal: Building /Users/zwzhang/Desktop/code/BlockPoker232
2021-04-08T09:35:07.107Z - normal: Destination /Users/zwzhang/Desktop/code/BlockPoker232/build/jsb-link
2021-04-08T09:35:07.108Z - normal: Delete /Users/zwzhang/Desktop/code/BlockPoker232/build/jsb-link/subpackages/**/*,/Users/zwzhang/Desktop/code/BlockPoker232/build/jsb-link/res/**/*,/Users/zwzhang/Desktop/code/BlockPoker232/build/jsb-link/src/**/*
2021-04-08T09:35:07.304Z - normal: Checked Python Version [2.7.16]
2021-04-08T09:35:08.619Z - warn: 未在模块设置里设置物理模块，默认使用 cannon.js。
2021-04-08T09:35:08.619Z - normal: Building 3D physics modules...
2021-04-08T09:35:16.916Z - normal: Start building assets
2021-04-08T09:35:16.916Z - normal: Start spawn build-worker
2021-04-08T09:35:17.390Z - normal: Finish spawn build-worker
2021-04-08T09:35:17.390Z - normal: Start init build-worker
2021-04-08T09:35:19.364Z - normal: Finish init build-worker
2021-04-08T09:35:19.365Z - normal: Start build-assets in worker
2021-04-08T09:35:19.389Z - info: Enable "内联所有 SpriteFrame" in native platform will increase the package size used in hot update.
2021-04-08T09:35:23.062Z - normal: Finish build-assets in worker
2021-04-08T09:35:23.066Z - normal: Finish building assets
2021-04-08T09:35:23.066Z - normal: Start building plugin scripts
2021-04-08T09:35:23.215Z - normal: Generating main.js from /Applications/CocosCreator/Creator/2.3.2/CocosCreator.app/Contents/Resources/static/build-templates/shares/main.js
2021-04-08T09:35:23.255Z - normal: Checked Python Version [2.7.16]
2021-04-08T09:35:24.655Z - normal: Built to "/Users/zwzhang/Desktop/code/BlockPoker232/build/jsb-link" successfully
2021-04-08T09:35:26.373Z - normal: Checked Python Version [2.7.16]
2021-04-08T09:35:27.502Z - normal: Start to compile native project. Please wait...
2021-04-08T09:35:27.502Z - normal: The log file path [ /Users/zwzhang/.CocosCreator/logs/native.log ]
2021-04-08T09:36:18.701Z - normal: Compile native project successfully.
2021-04-08T10:11:47.470Z - normal: Start building with options : {
  "actualPlatform": "mac",
  "android": {
    "packageName": "io.kaleidochain.BlockPoker"
  },
  "android-instant": {
    "REMOTE_SERVER_ROOT": "",
    "host": "",
    "packageName": "io.kaleidochain.BlockPoker",
    "pathPattern": "",
    "recordPath": "",
    "scheme": "https",
    "skipRecord": false
  },
  "apiLevel": "android-29",
  "appABIs": [
    "armeabi-v7a",
    "arm64-v8a"
  ],
  "appBundle": false,
  "appKey": "",
  "appSecret": "",
  "buildPath": "/Users/zwzhang/Desktop/code/BlockPoker232/build",
  "buildScriptsOnly": false,
  "debug": false,
  "dest": "/Users/zwzhang/Desktop/code/BlockPoker232/build/jsb-link",
  "embedWebDebugger": false,
  "encryptJs": true,
  "excludeScenes": [
    "c3103ef9-18cd-4e47-bc1b-e4d5e85cd6c6",
    "4d870c3e-a67d-4951-8528-60481c564318"
  ],
  "excludedModules": [],
  "fb-instant-games": {},
  "includeAnySDK": false,
  "includeSDKBox": false,
  "inlineSpriteFrames": true,
  "inlineSpriteFrames_native": true,
  "ios": {
    "packageName": "io.kaleidochain.BlockPoker"
  },
  "jailbreakPlatform": false,
  "mac": {
    "packageName": "io.kaleidochain.BlockPoker"
  },
  "md5Cache": false,
  "mergeStartScene": false,
  "oauthLoginServer": "",
  "optimizeHotUpdate": false,
  "orientation": {
    "landscapeLeft": false,
    "landscapeRight": false,
    "portrait": true,
    "upsideDown": false
  },
  "packageName": "io.kaleidochain.BlockPoker",
  "platform": "mac",
  "previewHeight": "720",
  "previewWidth": "1280",
  "privateKey": "",
  "qqplay": {
    "REMOTE_SERVER_ROOT": "",
    "orientation": "portrait",
    "zip": false
  },
  "scenes": [
    "a0bca835-a726-40e8-8b7d-0b18ab649e11",
    "2c401918-f586-4ee2-9209-8d0343293414",
    "7275a38a-d609-4de0-bb09-ada681c256ca",
    "b56045ba-1812-4d0e-be5c-4cbff94f1623",
    "1aaa9168-1ee1-4284-8e77-8afd6d53a53d",
    "7859fd8f-e0c1-4113-81d3-1460f03f14ed",
    "b740ad3e-26bd-426e-a24a-b973004ae4fd",
    "7c46d7c1-1d66-4631-8619-5581a35b0b9d",
    "afc9f8a6-02b8-499d-8c76-f79d7780c55d",
    "64d44a51-1014-4319-b386-36568f286b49",
    "249050cd-11a0-4d15-972f-e099e23214d3",
    "3d649867-2f80-4ad6-bf8e-c58d3f9658d3",
    "cc312a3a-26d3-495f-a1fa-ae0b6ea9d6e8",
    "39c75333-77f3-46cd-bc3a-412894bf3dcc",
    "a4f128ad-63f8-4a03-bf88-e236601ad8bc"
  ],
  "sourceMaps": false,
  "startScene": "a0bca835-a726-40e8-8b7d-0b18ab649e11",
  "template": "link",
  "title": "BlockPoker",
  "useDebugKeystore": false,
  "vsVersion": "auto",
  "webOrientation": "auto",
  "wechatgame": {
    "REMOTE_SERVER_ROOT": "",
    "appid": "wx6ac3f5090a6b99c5",
    "orientation": "portrait",
    "subContext": ""
  },
  "win32": {},
  "xxteaKey": "6ceca469-fe10-45",
  "zipCompressJs": true,
  "project": "/Users/zwzhang/Desktop/code/BlockPoker232",
  "projectName": "BlockPoker",
  "debugBuildWorker": false
}
2021-04-08T10:11:47.471Z - normal: Building /Users/zwzhang/Desktop/code/BlockPoker232
2021-04-08T10:11:47.471Z - normal: Destination /Users/zwzhang/Desktop/code/BlockPoker232/build/jsb-link
2021-04-08T10:11:47.472Z - normal: Delete /Users/zwzhang/Desktop/code/BlockPoker232/build/jsb-link/subpackages/**/*,/Users/zwzhang/Desktop/code/BlockPoker232/build/jsb-link/res/**/*,/Users/zwzhang/Desktop/code/BlockPoker232/build/jsb-link/src/**/*
2021-04-08T10:11:47.669Z - normal: Checked Python Version [2.7.16]
2021-04-08T10:11:48.996Z - warn: 未在模块设置里设置物理模块，默认使用 cannon.js。
2021-04-08T10:11:48.997Z - normal: Building 3D physics modules...
2021-04-08T10:11:56.983Z - normal: Start building assets
2021-04-08T10:11:56.984Z - normal: Start spawn build-worker
2021-04-08T10:11:57.466Z - normal: Finish spawn build-worker
2021-04-08T10:11:57.466Z - normal: Start init build-worker
2021-04-08T10:11:59.375Z - normal: Finish init build-worker
2021-04-08T10:11:59.376Z - normal: Start build-assets in worker
2021-04-08T10:11:59.399Z - info: Enable "内联所有 SpriteFrame" in native platform will increase the package size used in hot update.
2021-04-08T10:12:03.409Z - normal: Finish build-assets in worker
2021-04-08T10:12:03.412Z - normal: Finish building assets
2021-04-08T10:12:03.413Z - normal: Start building plugin scripts
2021-04-08T10:12:03.576Z - normal: Generating main.js from /Applications/CocosCreator/Creator/2.3.2/CocosCreator.app/Contents/Resources/static/build-templates/shares/main.js
2021-04-08T10:12:03.631Z - normal: Checked Python Version [2.7.16]
2021-04-08T10:12:05.061Z - normal: Built to "/Users/zwzhang/Desktop/code/BlockPoker232/build/jsb-link" successfully
2021-04-08T11:16:33.837Z - normal: Start building with options : {
  "actualPlatform": "mac",
  "android": {
    "packageName": "io.kaleidochain.BlockPoker"
  },
  "android-instant": {
    "REMOTE_SERVER_ROOT": "",
    "host": "",
    "packageName": "io.kaleidochain.BlockPoker",
    "pathPattern": "",
    "recordPath": "",
    "scheme": "https",
    "skipRecord": false
  },
  "apiLevel": "android-29",
  "appABIs": [
    "armeabi-v7a",
    "arm64-v8a"
  ],
  "appBundle": false,
  "appKey": "",
  "appSecret": "",
  "buildPath": "/Users/zwzhang/Desktop/code/BlockPoker232/build",
  "buildScriptsOnly": false,
  "debug": false,
  "dest": "/Users/zwzhang/Desktop/code/BlockPoker232/build/jsb-link",
  "embedWebDebugger": false,
  "encryptJs": true,
  "excludeScenes": [
    "c3103ef9-18cd-4e47-bc1b-e4d5e85cd6c6",
    "4d870c3e-a67d-4951-8528-60481c564318"
  ],
  "excludedModules": [],
  "fb-instant-games": {},
  "includeAnySDK": false,
  "includeSDKBox": false,
  "inlineSpriteFrames": true,
  "inlineSpriteFrames_native": true,
  "ios": {
    "packageName": "io.kaleidochain.BlockPoker"
  },
  "jailbreakPlatform": false,
  "mac": {
    "packageName": "io.kaleidochain.BlockPoker"
  },
  "md5Cache": false,
  "mergeStartScene": false,
  "oauthLoginServer": "",
  "optimizeHotUpdate": false,
  "orientation": {
    "landscapeLeft": false,
    "landscapeRight": false,
    "portrait": true,
    "upsideDown": false
  },
  "packageName": "io.kaleidochain.BlockPoker",
  "platform": "mac",
  "previewHeight": "720",
  "previewWidth": "1280",
  "privateKey": "",
  "qqplay": {
    "REMOTE_SERVER_ROOT": "",
    "orientation": "portrait",
    "zip": false
  },
  "scenes": [
    "a0bca835-a726-40e8-8b7d-0b18ab649e11",
    "2c401918-f586-4ee2-9209-8d0343293414",
    "7275a38a-d609-4de0-bb09-ada681c256ca",
    "b56045ba-1812-4d0e-be5c-4cbff94f1623",
    "1aaa9168-1ee1-4284-8e77-8afd6d53a53d",
    "7859fd8f-e0c1-4113-81d3-1460f03f14ed",
    "b740ad3e-26bd-426e-a24a-b973004ae4fd",
    "7c46d7c1-1d66-4631-8619-5581a35b0b9d",
    "afc9f8a6-02b8-499d-8c76-f79d7780c55d",
    "64d44a51-1014-4319-b386-36568f286b49",
    "249050cd-11a0-4d15-972f-e099e23214d3",
    "3d649867-2f80-4ad6-bf8e-c58d3f9658d3",
    "cc312a3a-26d3-495f-a1fa-ae0b6ea9d6e8",
    "39c75333-77f3-46cd-bc3a-412894bf3dcc",
    "a4f128ad-63f8-4a03-bf88-e236601ad8bc"
  ],
  "sourceMaps": false,
  "startScene": "a0bca835-a726-40e8-8b7d-0b18ab649e11",
  "template": "link",
  "title": "BlockPoker",
  "useDebugKeystore": false,
  "vsVersion": "auto",
  "webOrientation": "auto",
  "wechatgame": {
    "REMOTE_SERVER_ROOT": "",
    "appid": "wx6ac3f5090a6b99c5",
    "orientation": "portrait",
    "subContext": ""
  },
  "win32": {},
  "xxteaKey": "6ceca469-fe10-45",
  "zipCompressJs": true,
  "project": "/Users/zwzhang/Desktop/code/BlockPoker232",
  "projectName": "BlockPoker",
  "debugBuildWorker": false
}
2021-04-08T11:16:33.838Z - normal: Building /Users/zwzhang/Desktop/code/BlockPoker232
2021-04-08T11:16:33.838Z - normal: Destination /Users/zwzhang/Desktop/code/BlockPoker232/build/jsb-link
2021-04-08T11:16:33.838Z - normal: Delete /Users/zwzhang/Desktop/code/BlockPoker232/build/jsb-link/subpackages/**/*,/Users/zwzhang/Desktop/code/BlockPoker232/build/jsb-link/res/**/*,/Users/zwzhang/Desktop/code/BlockPoker232/build/jsb-link/src/**/*
2021-04-08T11:16:34.019Z - normal: Checked Python Version [2.7.16]
2021-04-08T11:16:35.325Z - warn: 未在模块设置里设置物理模块，默认使用 cannon.js。
2021-04-08T11:16:35.326Z - normal: Building 3D physics modules...
2021-04-08T11:16:43.207Z - normal: Start building assets
2021-04-08T11:16:43.208Z - normal: Start spawn build-worker
2021-04-08T11:16:43.676Z - normal: Finish spawn build-worker
2021-04-08T11:16:43.676Z - normal: Start init build-worker
2021-04-08T11:16:45.619Z - normal: Finish init build-worker
2021-04-08T11:16:45.620Z - normal: Start build-assets in worker
2021-04-08T11:16:45.643Z - info: Enable "内联所有 SpriteFrame" in native platform will increase the package size used in hot update.
2021-04-08T11:16:50.008Z - normal: Finish build-assets in worker
2021-04-08T11:16:50.012Z - normal: Finish building assets
2021-04-08T11:16:50.012Z - normal: Start building plugin scripts
2021-04-08T11:16:50.199Z - normal: Generating main.js from /Applications/CocosCreator/Creator/2.3.2/CocosCreator.app/Contents/Resources/static/build-templates/shares/main.js
2021-04-08T11:16:50.254Z - normal: Checked Python Version [2.7.16]
2021-04-08T11:16:51.610Z - normal: Built to "/Users/zwzhang/Desktop/code/BlockPoker232/build/jsb-link" successfully
2021-04-08T11:46:40.617Z - normal: Start building with options : {
  "actualPlatform": "android",
  "android": {
    "packageName": "io.kaleidochain.BlockPoker"
  },
  "android-instant": {
    "REMOTE_SERVER_ROOT": "",
    "host": "",
    "packageName": "io.kaleidochain.BlockPoker",
    "pathPattern": "",
    "recordPath": "",
    "scheme": "https",
    "skipRecord": false
  },
  "apiLevel": "android-29",
  "appABIs": [
    "armeabi-v7a",
    "arm64-v8a"
  ],
  "appBundle": false,
  "appKey": "",
  "appSecret": "",
  "buildPath": "/Users/zwzhang/Desktop/code/BlockPoker232/build",
  "buildScriptsOnly": false,
  "debug": false,
  "dest": "/Users/zwzhang/Desktop/code/BlockPoker232/build/jsb-link",
  "embedWebDebugger": false,
  "encryptJs": true,
  "excludeScenes": [
    "c3103ef9-18cd-4e47-bc1b-e4d5e85cd6c6",
    "4d870c3e-a67d-4951-8528-60481c564318"
  ],
  "excludedModules": [],
  "fb-instant-games": {},
  "includeAnySDK": false,
  "includeSDKBox": false,
  "inlineSpriteFrames": true,
  "inlineSpriteFrames_native": true,
  "ios": {
    "packageName": "io.kaleidochain.BlockPoker"
  },
  "jailbreakPlatform": false,
  "mac": {
    "packageName": "io.kaleidochain.BlockPoker"
  },
  "md5Cache": false,
  "mergeStartScene": false,
  "oauthLoginServer": "",
  "optimizeHotUpdate": false,
  "orientation": {
    "landscapeLeft": false,
    "landscapeRight": false,
    "portrait": true,
    "upsideDown": false
  },
  "packageName": "io.kaleidochain.BlockPoker",
  "platform": "android",
  "previewHeight": "720",
  "previewWidth": "1280",
  "privateKey": "",
  "qqplay": {
    "REMOTE_SERVER_ROOT": "",
    "orientation": "portrait",
    "zip": false
  },
  "scenes": [
    "a0bca835-a726-40e8-8b7d-0b18ab649e11",
    "2c401918-f586-4ee2-9209-8d0343293414",
    "7275a38a-d609-4de0-bb09-ada681c256ca",
    "b56045ba-1812-4d0e-be5c-4cbff94f1623",
    "1aaa9168-1ee1-4284-8e77-8afd6d53a53d",
    "7859fd8f-e0c1-4113-81d3-1460f03f14ed",
    "b740ad3e-26bd-426e-a24a-b973004ae4fd",
    "7c46d7c1-1d66-4631-8619-5581a35b0b9d",
    "afc9f8a6-02b8-499d-8c76-f79d7780c55d",
    "64d44a51-1014-4319-b386-36568f286b49",
    "249050cd-11a0-4d15-972f-e099e23214d3",
    "3d649867-2f80-4ad6-bf8e-c58d3f9658d3",
    "cc312a3a-26d3-495f-a1fa-ae0b6ea9d6e8",
    "39c75333-77f3-46cd-bc3a-412894bf3dcc",
    "a4f128ad-63f8-4a03-bf88-e236601ad8bc"
  ],
  "sourceMaps": false,
  "startScene": "a0bca835-a726-40e8-8b7d-0b18ab649e11",
  "template": "link",
  "title": "BlockPoker",
  "useDebugKeystore": false,
  "vsVersion": "auto",
  "webOrientation": "auto",
  "wechatgame": {
    "REMOTE_SERVER_ROOT": "",
    "appid": "wx6ac3f5090a6b99c5",
    "orientation": "portrait",
    "subContext": ""
  },
  "win32": {},
  "xxteaKey": "6ceca469-fe10-45",
  "zipCompressJs": true,
  "project": "/Users/zwzhang/Desktop/code/BlockPoker232",
  "projectName": "BlockPoker",
  "debugBuildWorker": false
}
2021-04-08T11:46:40.618Z - normal: Building /Users/zwzhang/Desktop/code/BlockPoker232
2021-04-08T11:46:40.619Z - normal: Destination /Users/zwzhang/Desktop/code/BlockPoker232/build/jsb-link
2021-04-08T11:46:40.619Z - normal: Delete /Users/zwzhang/Desktop/code/BlockPoker232/build/jsb-link/subpackages/**/*,/Users/zwzhang/Desktop/code/BlockPoker232/build/jsb-link/res/**/*,/Users/zwzhang/Desktop/code/BlockPoker232/build/jsb-link/src/**/*
2021-04-08T11:46:40.795Z - normal: Checked Python Version [2.7.16]
2021-04-08T11:46:42.050Z - warn: 未在模块设置里设置物理模块，默认使用 cannon.js。
2021-04-08T11:46:42.050Z - normal: Building 3D physics modules...
2021-04-08T11:46:50.754Z - normal: Start building assets
2021-04-08T11:46:50.754Z - normal: Start spawn build-worker
2021-04-08T11:46:51.231Z - normal: Finish spawn build-worker
2021-04-08T11:46:51.231Z - normal: Start init build-worker
2021-04-08T11:46:53.177Z - normal: Finish init build-worker
2021-04-08T11:46:53.178Z - normal: Start build-assets in worker
2021-04-08T11:46:53.202Z - info: Enable "内联所有 SpriteFrame" in native platform will increase the package size used in hot update.
2021-04-08T11:46:57.903Z - normal: Finish build-assets in worker
2021-04-08T11:46:57.908Z - normal: Finish building assets
2021-04-08T11:46:57.908Z - normal: Start building plugin scripts
2021-04-08T11:46:58.081Z - normal: Generating main.js from /Applications/CocosCreator/Creator/2.3.2/CocosCreator.app/Contents/Resources/static/build-templates/shares/main.js
2021-04-08T11:46:58.145Z - normal: Checked Python Version [2.7.16]
2021-04-08T11:46:59.590Z - normal: Built to "/Users/zwzhang/Desktop/code/BlockPoker232/build/jsb-link" successfully
2021-04-08T11:47:17.254Z - normal: Start building with options : {
  "actualPlatform": "android",
  "android": {
    "packageName": "io.kaleidochain.BlockPoker"
  },
  "android-instant": {
    "REMOTE_SERVER_ROOT": "",
    "host": "",
    "packageName": "io.kaleidochain.BlockPoker",
    "pathPattern": "",
    "recordPath": "",
    "scheme": "https",
    "skipRecord": false
  },
  "apiLevel": "android-29",
  "appABIs": [
    "armeabi-v7a",
    "arm64-v8a"
  ],
  "appBundle": false,
  "appKey": "",
  "appSecret": "",
  "buildPath": "/Users/zwzhang/Desktop/code/BlockPoker232/build",
  "buildScriptsOnly": false,
  "debug": false,
  "dest": "/Users/zwzhang/Desktop/code/BlockPoker232/build/jsb-link",
  "embedWebDebugger": false,
  "encryptJs": true,
  "excludeScenes": [
    "c3103ef9-18cd-4e47-bc1b-e4d5e85cd6c6",
    "4d870c3e-a67d-4951-8528-60481c564318"
  ],
  "excludedModules": [],
  "fb-instant-games": {},
  "includeAnySDK": false,
  "includeSDKBox": false,
  "inlineSpriteFrames": true,
  "inlineSpriteFrames_native": true,
  "ios": {
    "packageName": "io.kaleidochain.BlockPoker"
  },
  "jailbreakPlatform": false,
  "mac": {
    "packageName": "io.kaleidochain.BlockPoker"
  },
  "md5Cache": false,
  "mergeStartScene": false,
  "oauthLoginServer": "",
  "optimizeHotUpdate": false,
  "orientation": {
    "landscapeLeft": false,
    "landscapeRight": false,
    "portrait": true,
    "upsideDown": false
  },
  "packageName": "io.kaleidochain.BlockPoker",
  "platform": "android",
  "previewHeight": "720",
  "previewWidth": "1280",
  "privateKey": "",
  "qqplay": {
    "REMOTE_SERVER_ROOT": "",
    "orientation": "portrait",
    "zip": false
  },
  "scenes": [
    "a0bca835-a726-40e8-8b7d-0b18ab649e11",
    "2c401918-f586-4ee2-9209-8d0343293414",
    "7275a38a-d609-4de0-bb09-ada681c256ca",
    "b56045ba-1812-4d0e-be5c-4cbff94f1623",
    "1aaa9168-1ee1-4284-8e77-8afd6d53a53d",
    "7859fd8f-e0c1-4113-81d3-1460f03f14ed",
    "b740ad3e-26bd-426e-a24a-b973004ae4fd",
    "7c46d7c1-1d66-4631-8619-5581a35b0b9d",
    "afc9f8a6-02b8-499d-8c76-f79d7780c55d",
    "64d44a51-1014-4319-b386-36568f286b49",
    "249050cd-11a0-4d15-972f-e099e23214d3",
    "3d649867-2f80-4ad6-bf8e-c58d3f9658d3",
    "cc312a3a-26d3-495f-a1fa-ae0b6ea9d6e8",
    "39c75333-77f3-46cd-bc3a-412894bf3dcc",
    "a4f128ad-63f8-4a03-bf88-e236601ad8bc"
  ],
  "sourceMaps": false,
  "startScene": "a0bca835-a726-40e8-8b7d-0b18ab649e11",
  "template": "link",
  "title": "BlockPoker",
  "useDebugKeystore": false,
  "vsVersion": "auto",
  "webOrientation": "auto",
  "wechatgame": {
    "REMOTE_SERVER_ROOT": "",
    "appid": "wx6ac3f5090a6b99c5",
    "orientation": "portrait",
    "subContext": ""
  },
  "win32": {},
  "xxteaKey": "6ceca469-fe10-45",
  "zipCompressJs": true,
  "project": "/Users/zwzhang/Desktop/code/BlockPoker232",
  "projectName": "BlockPoker",
  "debugBuildWorker": false
}
2021-04-08T11:47:17.255Z - normal: Building /Users/zwzhang/Desktop/code/BlockPoker232
2021-04-08T11:47:17.255Z - normal: Destination /Users/zwzhang/Desktop/code/BlockPoker232/build/jsb-link
2021-04-08T11:47:17.256Z - normal: Delete /Users/zwzhang/Desktop/code/BlockPoker232/build/jsb-link/subpackages/**/*,/Users/zwzhang/Desktop/code/BlockPoker232/build/jsb-link/res/**/*,/Users/zwzhang/Desktop/code/BlockPoker232/build/jsb-link/src/**/*
2021-04-08T11:47:17.419Z - normal: Checked Python Version [2.7.16]
2021-04-08T11:47:18.696Z - warn: 未在模块设置里设置物理模块，默认使用 cannon.js。
2021-04-08T11:47:18.696Z - normal: Building 3D physics modules...
2021-04-08T11:47:26.754Z - normal: Start building assets
2021-04-08T11:47:26.754Z - normal: Start spawn build-worker
2021-04-08T11:47:27.225Z - normal: Finish spawn build-worker
2021-04-08T11:47:27.225Z - normal: Start init build-worker
2021-04-08T11:47:29.085Z - normal: Finish init build-worker
2021-04-08T11:47:29.085Z - normal: Start build-assets in worker
2021-04-08T11:47:29.108Z - info: Enable "内联所有 SpriteFrame" in native platform will increase the package size used in hot update.
2021-04-08T11:47:33.315Z - normal: Finish build-assets in worker
2021-04-08T11:47:33.320Z - normal: Finish building assets
2021-04-08T11:47:33.320Z - normal: Start building plugin scripts
2021-04-08T11:47:33.489Z - normal: Generating main.js from /Applications/CocosCreator/Creator/2.3.2/CocosCreator.app/Contents/Resources/static/build-templates/shares/main.js
2021-04-08T11:47:33.530Z - normal: Checked Python Version [2.7.16]
2021-04-08T11:47:34.887Z - normal: Built to "/Users/zwzhang/Desktop/code/BlockPoker232/build/jsb-link" successfully
2021-04-08T11:47:37.152Z - normal: Checked Python Version [2.7.16]
2021-04-08T11:47:38.290Z - normal: Start to compile native project. Please wait...
2021-04-08T11:47:38.290Z - normal: The log file path [ /Users/zwzhang/.CocosCreator/logs/native.log ]
2021-04-08T11:48:23.591Z - normal: Compile native project successfully.
